build/app/intermediates/manifest_merge_blame_file/debug/manifest-merger-blame-debug-report.txt
1<?xml version="1.0" encoding="utf-8"?>
2<manifest xmlns:android="http://schemas.android.com/apk/res/android"
3    package="dev.mainul.portfolio"
4    android:versionCode="1"
5    android:versionName="1.0.0" >
6
7    <uses-sdk
8        android:minSdkVersion="21"
9        android:targetSdkVersion="30" />
10    <!--
11         Flutter needs it to communicate with the running application
12         to allow setting breakpoints, to provide hot reload, etc.
13    -->
14    <uses-permission android:name="android.permission.INTERNET" />
14-->src\main\AndroidManifest.xml:4:5-66
14-->src\main\AndroidManifest.xml:4:22-64
15
16    <queries>
16-->src\main\AndroidManifest.xml:5:5-18:15
17        <intent>
17-->src\main\AndroidManifest.xml:6:9-9:18
18            <action android:name="android.intent.action.VIEW" />
18-->src\main\AndroidManifest.xml:7:13-65
18-->src\main\AndroidManifest.xml:7:21-62
19
20            <data android:scheme="https" />
20-->src\main\AndroidManifest.xml:8:13-44
20-->src\main\AndroidManifest.xml:8:19-41
21        </intent>
22        <intent>
22-->src\main\AndroidManifest.xml:10:9-13:18
23            <action android:name="android.intent.action.DIAL" />
23-->src\main\AndroidManifest.xml:11:13-65
23-->src\main\AndroidManifest.xml:11:21-62
24
25            <data android:scheme="tel" />
25-->src\main\AndroidManifest.xml:8:13-44
25-->src\main\AndroidManifest.xml:8:19-41
26        </intent>
27        <intent>
27-->src\main\AndroidManifest.xml:14:9-17:18
28            <action android:name="android.intent.action.SEND" />
28-->src\main\AndroidManifest.xml:15:13-65
28-->src\main\AndroidManifest.xml:15:21-62
29
30            <data android:mimeType="*/*" />
30-->src\main\AndroidManifest.xml:8:13-44
31        </intent>
32    </queries> <!-- Although the *SdkVersion is captured in gradle build files, this is required for non gradle builds -->
33    <!-- <uses-sdk android:minSdkVersion="14" /> -->
34    <uses-permission android:name="android.permission.ACCESS_NETWORK_STATE" />
34-->[com.google.firebase:firebase-firestore:22.0.1] AndroidManifest.xml:13:5-79
34-->[com.google.firebase:firebase-firestore:22.0.1] AndroidManifest.xml:13:22-76
35
36    <application
36-->src\main\AndroidManifest.xml:20:5-52:19
37        android:name="io.flutter.app.FlutterApplication"
37-->src\main\AndroidManifest.xml:21:9-57
38        android:appComponentFactory="androidx.core.app.CoreComponentFactory"
38-->[androidx.core:core:1.1.0] AndroidManifest.xml:24:18-86
39        android:debuggable="true"
40        android:icon="@mipmap/ic_launcher"
40-->src\main\AndroidManifest.xml:23:9-43
41        android:label="Mainul Hossain"
41-->src\main\AndroidManifest.xml:22:9-39
42        android:usesCleartextTraffic="true" >
42-->src\main\AndroidManifest.xml:24:9-44
43        <activity
43-->src\main\AndroidManifest.xml:25:9-46:20
44            android:name="dev.mainul.portfolio.MainActivity"
44-->src\main\AndroidManifest.xml:26:13-61
45            android:configChanges="orientation|keyboardHidden|keyboard|screenSize|smallestScreenSize|locale|layoutDirection|fontScale|screenLayout|density|uiMode"
45-->src\main\AndroidManifest.xml:29:13-163
46            android:hardwareAccelerated="true"
46-->src\main\AndroidManifest.xml:30:13-47
47            android:launchMode="singleTop"
47-->src\main\AndroidManifest.xml:27:13-43
48            android:theme="@style/LaunchTheme"
48-->src\main\AndroidManifest.xml:28:13-47
49            android:windowSoftInputMode="adjustResize" >
49-->src\main\AndroidManifest.xml:31:13-55
50            <meta-data
50-->src\main\AndroidManifest.xml:33:13-36:17
51                android:name="io.flutter.embedding.android.NormalTheme"
51-->src\main\AndroidManifest.xml:34:15-70
52                android:resource="@style/NormalTheme" />
52-->src\main\AndroidManifest.xml:35:15-52
53            <meta-data
53-->src\main\AndroidManifest.xml:38:13-41:17
54                android:name="io.flutter.embedding.android.SplashScreenDrawable"
54-->src\main\AndroidManifest.xml:39:15-79
55                android:resource="@drawable/launch_background" />
55-->src\main\AndroidManifest.xml:40:15-61
56
57            <intent-filter>
57-->src\main\AndroidManifest.xml:42:13-45:29
58                <action android:name="android.intent.action.MAIN" />
58-->src\main\AndroidManifest.xml:43:17-68
58-->src\main\AndroidManifest.xml:43:25-66
59
60                <category android:name="android.intent.category.LAUNCHER" />
60-->src\main\AndroidManifest.xml:44:17-76
60-->src\main\AndroidManifest.xml:44:27-74
61            </intent-filter>
62        </activity>
63        <!--
64             Don't delete the meta-data below.
65             This is used by the Flutter tool to generate GeneratedPluginRegistrant.java
66        -->
67        <meta-data
67-->src\main\AndroidManifest.xml:49:9-51:33
68            android:name="flutterEmbedding"
68-->src\main\AndroidManifest.xml:50:13-44
69            android:value="2" />
69-->src\main\AndroidManifest.xml:51:13-30
70
71        <activity
71-->[:url_launcher] AndroidManifest.xml:8:9-11:74
72            android:name="io.flutter.plugins.urllauncher.WebViewActivity"
72-->[:url_launcher] AndroidManifest.xml:9:13-74
73            android:exported="false"
73-->[:url_launcher] AndroidManifest.xml:10:13-37
74            android:theme="@android:style/Theme.NoTitleBar.Fullscreen" />
74-->[:url_launcher] AndroidManifest.xml:11:13-71
75
76        <service
76-->[:cloud_firestore] AndroidManifest.xml:8:9-12:19
77            android:name="com.google.firebase.components.ComponentDiscoveryService"
77-->[:cloud_firestore] AndroidManifest.xml:8:18-89
78            android:directBootAware="true"
78-->[com.google.firebase:firebase-common:19.5.0] AndroidManifest.xml:35:13-43
79            android:exported="false" >
79-->[com.google.firebase:firebase-firestore:22.0.1] AndroidManifest.xml:19:13-37
80            <meta-data
80-->[:cloud_firestore] AndroidManifest.xml:9:13-11:85
81                android:name="com.google.firebase.components:io.flutter.plugins.firebase.firestore.FlutterFirebaseFirestoreRegistrar"
81-->[:cloud_firestore] AndroidManifest.xml:10:17-134
82                android:value="com.google.firebase.components.ComponentRegistrar" />
82-->[:cloud_firestore] AndroidManifest.xml:11:17-82
83            <meta-data
83-->[:firebase_core] AndroidManifest.xml:9:13-11:85
84                android:name="com.google.firebase.components:io.flutter.plugins.firebase.core.FlutterFirebaseCoreRegistrar"
84-->[:firebase_core] AndroidManifest.xml:10:17-124
85                android:value="com.google.firebase.components.ComponentRegistrar" />
85-->[:firebase_core] AndroidManifest.xml:11:17-82
86            <meta-data
86-->[com.google.firebase:firebase-firestore:22.0.1] AndroidManifest.xml:20:13-22:85
87                android:name="com.google.firebase.components:com.google.firebase.firestore.FirestoreRegistrar"
87-->[com.google.firebase:firebase-firestore:22.0.1] AndroidManifest.xml:21:17-111
88                android:value="com.google.firebase.components.ComponentRegistrar" />
88-->[com.google.firebase:firebase-firestore:22.0.1] AndroidManifest.xml:22:17-82
89            <!--
90                This registrar is not defined in the dynamic-module-support sdk itself to allow non-firebase
91                clients to use it as well, by defining this registrar in their own core/common library.
92            -->
93            <meta-data
93-->[com.google.firebase:firebase-common:19.5.0] AndroidManifest.xml:43:13-45:85
94                android:name="com.google.firebase.components:com.google.firebase.dynamicloading.DynamicLoadingRegistrar"
94-->[com.google.firebase:firebase-common:19.5.0] AndroidManifest.xml:44:17-121
95                android:value="com.google.firebase.components.ComponentRegistrar" />
95-->[com.google.firebase:firebase-common:19.5.0] AndroidManifest.xml:45:17-82
96        </service>
97
98        <activity
98-->[com.google.android.gms:play-services-base:17.0.0] AndroidManifest.xml:23:9-26:75
99            android:name="com.google.android.gms.common.api.GoogleApiActivity"
99-->[com.google.android.gms:play-services-base:17.0.0] AndroidManifest.xml:24:13-79
100            android:exported="false"
100-->[com.google.android.gms:play-services-base:17.0.0] AndroidManifest.xml:25:13-37
101            android:theme="@android:style/Theme.Translucent.NoTitleBar" />
101-->[com.google.android.gms:play-services-base:17.0.0] AndroidManifest.xml:26:13-72
102
103        <provider
103-->[com.google.firebase:firebase-common:19.5.0] AndroidManifest.xml:26:9-31:39
104            android:name="com.google.firebase.provider.FirebaseInitProvider"
104-->[com.google.firebase:firebase-common:19.5.0] AndroidManifest.xml:27:13-77
105            android:authorities="dev.mainul.portfolio.firebaseinitprovider"
105-->[com.google.firebase:firebase-common:19.5.0] AndroidManifest.xml:28:13-72
106            android:directBootAware="true"
106-->[com.google.firebase:firebase-common:19.5.0] AndroidManifest.xml:29:13-43
107            android:exported="false"
107-->[com.google.firebase:firebase-common:19.5.0] AndroidManifest.xml:30:13-37
108            android:initOrder="100" />
108-->[com.google.firebase:firebase-common:19.5.0] AndroidManifest.xml:31:13-36
109
110        <meta-data
110-->[com.google.android.gms:play-services-basement:17.0.0] AndroidManifest.xml:23:9-25:69
111            android:name="com.google.android.gms.version"
111-->[com.google.android.gms:play-services-basement:17.0.0] AndroidManifest.xml:24:13-58
112            android:value="@integer/google_play_services_version" />
112-->[com.google.android.gms:play-services-basement:17.0.0] AndroidManifest.xml:25:13-66
113    </application>
114
115</manifest>